CRITICAL - 2024-12-04 06:02:40 --> BadMethodCallException: Call to undefined method App\Models\Header::getSetting
[Method: GET, Route: header-settings]
in SYSTEMPATH\Model.php on line 932.
 1 APPPATH\Views\admin\headersettings.php(5): CodeIgniter\Model->__call('getSetting', [...])
 2 SYSTEMPATH\View\View.php(234): include('C:\\xampp\\htdocs\\ci_aptechh\\app\\Views\\admin\\headersettings.php')
 3 SYSTEMPATH\View\View.php(237): CodeIgniter\View\View->CodeIgniter\View\{closure}()
 4 SYSTEMPATH\Common.php(1171): CodeIgniter\View\View->render('admin/headersettings', [], true)
 5 APPPATH\Controllers\Header\Headerlogo.php(17): view('admin/headersettings')
 6 SYSTEMPATH\CodeIgniter.php(933): App\Controllers\Header\Headerlogo->index()
 7 SYSTEMPATH\CodeIgniter.php(509): CodeIgniter\CodeIgniter->runController(Object(App\Controllers\Header\Headerlogo))
 8 SYSTEMPATH\CodeIgniter.php(355): CodeIgniter\CodeIgniter->handleRequest(null, Object(Config\Cache), false)
 9 SYSTEMPATH\Boot.php(325): CodeIgniter\CodeIgniter->run()
10 SYSTEMPATH\Boot.php(67): CodeIgniter\Boot::runCodeIgniter(Object(CodeIgniter\CodeIgniter))
11 FCPATH\index.php(56): CodeIgniter\Boot::bootWeb(Object(Config\Paths))
12 SYSTEMPATH\rewrite.php(44): require_once('C:\\xampp\\htdocs\\ci_aptechh\\public\\index.php')
CRITICAL - 2024-12-04 06:03:39 --> ErrorException: Undefined variable $headerLogo
[Method: GET, Route: header-settings]
in APPPATH\Views\admin\headersettings.php on line 24.
 1 APPPATH\Views\admin\headersettings.php(24): CodeIgniter\Debug\Exceptions->errorHandler(2, 'Undefined variable $headerLogo', 'C:\\xampp\\htdocs\\ci_aptechh\\app\\Views\\admin\\headersettings.php', 24)
 2 SYSTEMPATH\View\View.php(234): include('C:\\xampp\\htdocs\\ci_aptechh\\app\\Views\\admin\\headersettings.php')
 3 SYSTEMPATH\View\View.php(237): CodeIgniter\View\View->CodeIgniter\View\{closure}()
 4 SYSTEMPATH\Common.php(1171): CodeIgniter\View\View->render('admin/headersettings', [], true)
 5 APPPATH\Controllers\Header\Headerlogo.php(17): view('admin/headersettings')
 6 SYSTEMPATH\CodeIgniter.php(933): App\Controllers\Header\Headerlogo->index()
 7 SYSTEMPATH\CodeIgniter.php(509): CodeIgniter\CodeIgniter->runController(Object(App\Controllers\Header\Headerlogo))
 8 SYSTEMPATH\CodeIgniter.php(355): CodeIgniter\CodeIgniter->handleRequest(null, Object(Config\Cache), false)
 9 SYSTEMPATH\Boot.php(325): CodeIgniter\CodeIgniter->run()
10 SYSTEMPATH\Boot.php(67): CodeIgniter\Boot::runCodeIgniter(Object(CodeIgniter\CodeIgniter))
11 FCPATH\index.php(56): CodeIgniter\Boot::bootWeb(Object(Config\Paths))
12 SYSTEMPATH\rewrite.php(44): require_once('C:\\xampp\\htdocs\\ci_aptechh\\public\\index.php')
CRITICAL - 2024-12-04 09:58:10 --> ErrorException: Undefined variable $headerLogo
[Method: GET, Route: home]
in APPPATH\Views\frontend\header.php on line 11.
 1 APPPATH\Views\frontend\header.php(11): CodeIgniter\Debug\Exceptions->errorHandler(2, 'Undefined variable $headerLogo', 'C:\\xampp\\htdocs\\ci_aptechh\\app\\Views\\frontend\\header.php', 11)
 2 SYSTEMPATH\View\View.php(234): include('C:\\xampp\\htdocs\\ci_aptechh\\app\\Views\\frontend\\header.php')
 3 SYSTEMPATH\View\View.php(237): CodeIgniter\View\View->CodeIgniter\View\{closure}()
 4 SYSTEMPATH\View\View.php(487): CodeIgniter\View\View->render('frontend/header', null, true)
 5 APPPATH\Views\frontend\layout.php(34): CodeIgniter\View\View->include('frontend/header')
 6 SYSTEMPATH\View\View.php(234): include('C:\\xampp\\htdocs\\ci_aptechh\\app\\Views\\frontend\\layout.php')
 7 SYSTEMPATH\View\View.php(237): CodeIgniter\View\View->CodeIgniter\View\{closure}()
 8 SYSTEMPATH\Common.php(1171): CodeIgniter\View\View->render('frontend/layout', [], true)
 9 APPPATH\Controllers\Homepage.php(17): view('frontend/layout', [...])
10 SYSTEMPATH\CodeIgniter.php(933): App\Controllers\Homepage->index()
11 SYSTEMPATH\CodeIgniter.php(509): CodeIgniter\CodeIgniter->runController(Object(App\Controllers\Homepage))
12 SYSTEMPATH\CodeIgniter.php(355): CodeIgniter\CodeIgniter->handleRequest(null, Object(Config\Cache), false)
13 SYSTEMPATH\Boot.php(325): CodeIgniter\CodeIgniter->run()
14 SYSTEMPATH\Boot.php(67): CodeIgniter\Boot::runCodeIgniter(Object(CodeIgniter\CodeIgniter))
15 FCPATH\index.php(56): CodeIgniter\Boot::bootWeb(Object(Config\Paths))
16 SYSTEMPATH\rewrite.php(44): require_once('C:\\xampp\\htdocs\\ci_aptechh\\public\\index.php')
CRITICAL - 2024-12-04 10:05:34 --> ErrorException: Undefined variable $active
[Method: GET, Route: home]
in APPPATH\Views\frontend\header.php on line 27.
 1 APPPATH\Views\frontend\header.php(27): CodeIgniter\Debug\Exceptions->errorHandler(2, 'Undefined variable $active', 'C:\\xampp\\htdocs\\ci_aptechh\\app\\Views\\frontend\\header.php', 27)
 2 SYSTEMPATH\View\View.php(234): include('C:\\xampp\\htdocs\\ci_aptechh\\app\\Views\\frontend\\header.php')
 3 SYSTEMPATH\View\View.php(237): CodeIgniter\View\View->CodeIgniter\View\{closure}()
 4 SYSTEMPATH\Common.php(1171): CodeIgniter\View\View->render('frontend/header', [], true)
 5 APPPATH\Controllers\Homepage.php(20): view('frontend/header', [...])
 6 SYSTEMPATH\CodeIgniter.php(933): App\Controllers\Homepage->index()
 7 SYSTEMPATH\CodeIgniter.php(509): CodeIgniter\CodeIgniter->runController(Object(App\Controllers\Homepage))
 8 SYSTEMPATH\CodeIgniter.php(355): CodeIgniter\CodeIgniter->handleRequest(null, Object(Config\Cache), false)
 9 SYSTEMPATH\Boot.php(325): CodeIgniter\CodeIgniter->run()
10 SYSTEMPATH\Boot.php(67): CodeIgniter\Boot::runCodeIgniter(Object(CodeIgniter\CodeIgniter))
11 FCPATH\index.php(56): CodeIgniter\Boot::bootWeb(Object(Config\Paths))
12 SYSTEMPATH\rewrite.php(44): require_once('C:\\xampp\\htdocs\\ci_aptechh\\public\\index.php')
CRITICAL - 2024-12-04 10:05:36 --> ErrorException: Undefined variable $active
[Method: GET, Route: home]
in APPPATH\Views\frontend\header.php on line 27.
 1 APPPATH\Views\frontend\header.php(27): CodeIgniter\Debug\Exceptions->errorHandler(2, 'Undefined variable $active', 'C:\\xampp\\htdocs\\ci_aptechh\\app\\Views\\frontend\\header.php', 27)
 2 SYSTEMPATH\View\View.php(234): include('C:\\xampp\\htdocs\\ci_aptechh\\app\\Views\\frontend\\header.php')
 3 SYSTEMPATH\View\View.php(237): CodeIgniter\View\View->CodeIgniter\View\{closure}()
 4 SYSTEMPATH\Common.php(1171): CodeIgniter\View\View->render('frontend/header', [], true)
 5 APPPATH\Controllers\Homepage.php(20): view('frontend/header', [...])
 6 SYSTEMPATH\CodeIgniter.php(933): App\Controllers\Homepage->index()
 7 SYSTEMPATH\CodeIgniter.php(509): CodeIgniter\CodeIgniter->runController(Object(App\Controllers\Homepage))
 8 SYSTEMPATH\CodeIgniter.php(355): CodeIgniter\CodeIgniter->handleRequest(null, Object(Config\Cache), false)
 9 SYSTEMPATH\Boot.php(325): CodeIgniter\CodeIgniter->run()
10 SYSTEMPATH\Boot.php(67): CodeIgniter\Boot::runCodeIgniter(Object(CodeIgniter\CodeIgniter))
11 FCPATH\index.php(56): CodeIgniter\Boot::bootWeb(Object(Config\Paths))
12 SYSTEMPATH\rewrite.php(44): require_once('C:\\xampp\\htdocs\\ci_aptechh\\public\\index.php')
CRITICAL - 2024-12-04 10:05:36 --> ErrorException: Undefined variable $active
[Method: GET, Route: home]
in APPPATH\Views\frontend\header.php on line 27.
 1 APPPATH\Views\frontend\header.php(27): CodeIgniter\Debug\Exceptions->errorHandler(2, 'Undefined variable $active', 'C:\\xampp\\htdocs\\ci_aptechh\\app\\Views\\frontend\\header.php', 27)
 2 SYSTEMPATH\View\View.php(234): include('C:\\xampp\\htdocs\\ci_aptechh\\app\\Views\\frontend\\header.php')
 3 SYSTEMPATH\View\View.php(237): CodeIgniter\View\View->CodeIgniter\View\{closure}()
 4 SYSTEMPATH\Common.php(1171): CodeIgniter\View\View->render('frontend/header', [], true)
 5 APPPATH\Controllers\Homepage.php(20): view('frontend/header', [...])
 6 SYSTEMPATH\CodeIgniter.php(933): App\Controllers\Homepage->index()
 7 SYSTEMPATH\CodeIgniter.php(509): CodeIgniter\CodeIgniter->runController(Object(App\Controllers\Homepage))
 8 SYSTEMPATH\CodeIgniter.php(355): CodeIgniter\CodeIgniter->handleRequest(null, Object(Config\Cache), false)
 9 SYSTEMPATH\Boot.php(325): CodeIgniter\CodeIgniter->run()
10 SYSTEMPATH\Boot.php(67): CodeIgniter\Boot::runCodeIgniter(Object(CodeIgniter\CodeIgniter))
11 FCPATH\index.php(56): CodeIgniter\Boot::bootWeb(Object(Config\Paths))
12 SYSTEMPATH\rewrite.php(44): require_once('C:\\xampp\\htdocs\\ci_aptechh\\public\\index.php')
CRITICAL - 2024-12-04 10:05:37 --> ErrorException: Undefined variable $active
[Method: GET, Route: home]
in APPPATH\Views\frontend\header.php on line 27.
 1 APPPATH\Views\frontend\header.php(27): CodeIgniter\Debug\Exceptions->errorHandler(2, 'Undefined variable $active', 'C:\\xampp\\htdocs\\ci_aptechh\\app\\Views\\frontend\\header.php', 27)
 2 SYSTEMPATH\View\View.php(234): include('C:\\xampp\\htdocs\\ci_aptechh\\app\\Views\\frontend\\header.php')
 3 SYSTEMPATH\View\View.php(237): CodeIgniter\View\View->CodeIgniter\View\{closure}()
 4 SYSTEMPATH\Common.php(1171): CodeIgniter\View\View->render('frontend/header', [], true)
 5 APPPATH\Controllers\Homepage.php(20): view('frontend/header', [...])
 6 SYSTEMPATH\CodeIgniter.php(933): App\Controllers\Homepage->index()
 7 SYSTEMPATH\CodeIgniter.php(509): CodeIgniter\CodeIgniter->runController(Object(App\Controllers\Homepage))
 8 SYSTEMPATH\CodeIgniter.php(355): CodeIgniter\CodeIgniter->handleRequest(null, Object(Config\Cache), false)
 9 SYSTEMPATH\Boot.php(325): CodeIgniter\CodeIgniter->run()
10 SYSTEMPATH\Boot.php(67): CodeIgniter\Boot::runCodeIgniter(Object(CodeIgniter\CodeIgniter))
11 FCPATH\index.php(56): CodeIgniter\Boot::bootWeb(Object(Config\Paths))
12 SYSTEMPATH\rewrite.php(44): require_once('C:\\xampp\\htdocs\\ci_aptechh\\public\\index.php')
CRITICAL - 2024-12-04 10:05:50 --> ErrorException: Undefined variable $active
[Method: GET, Route: home]
in APPPATH\Views\frontend\header.php on line 27.
 1 APPPATH\Views\frontend\header.php(27): CodeIgniter\Debug\Exceptions->errorHandler(2, 'Undefined variable $active', 'C:\\xampp\\htdocs\\ci_aptechh\\app\\Views\\frontend\\header.php', 27)
 2 SYSTEMPATH\View\View.php(234): include('C:\\xampp\\htdocs\\ci_aptechh\\app\\Views\\frontend\\header.php')
 3 SYSTEMPATH\View\View.php(237): CodeIgniter\View\View->CodeIgniter\View\{closure}()
 4 SYSTEMPATH\Common.php(1171): CodeIgniter\View\View->render('frontend/header', [], true)
 5 APPPATH\Controllers\Homepage.php(20): view('frontend/header', [...])
 6 SYSTEMPATH\CodeIgniter.php(933): App\Controllers\Homepage->index()
 7 SYSTEMPATH\CodeIgniter.php(509): CodeIgniter\CodeIgniter->runController(Object(App\Controllers\Homepage))
 8 SYSTEMPATH\CodeIgniter.php(355): CodeIgniter\CodeIgniter->handleRequest(null, Object(Config\Cache), false)
 9 SYSTEMPATH\Boot.php(325): CodeIgniter\CodeIgniter->run()
10 SYSTEMPATH\Boot.php(67): CodeIgniter\Boot::runCodeIgniter(Object(CodeIgniter\CodeIgniter))
11 FCPATH\index.php(56): CodeIgniter\Boot::bootWeb(Object(Config\Paths))
12 SYSTEMPATH\rewrite.php(44): require_once('C:\\xampp\\htdocs\\ci_aptechh\\public\\index.php')
CRITICAL - 2024-12-04 10:06:14 --> ErrorException: Undefined variable $active
[Method: GET, Route: home-page]
in APPPATH\Views\frontend\header.php on line 27.
 1 APPPATH\Views\frontend\header.php(27): CodeIgniter\Debug\Exceptions->errorHandler(2, 'Undefined variable $active', 'C:\\xampp\\htdocs\\ci_aptechh\\app\\Views\\frontend\\header.php', 27)
 2 SYSTEMPATH\View\View.php(234): include('C:\\xampp\\htdocs\\ci_aptechh\\app\\Views\\frontend\\header.php')
 3 SYSTEMPATH\View\View.php(237): CodeIgniter\View\View->CodeIgniter\View\{closure}()
 4 SYSTEMPATH\Common.php(1171): CodeIgniter\View\View->render('frontend/header', [], true)
 5 APPPATH\Controllers\Homepage.php(20): view('frontend/header', [...])
 6 SYSTEMPATH\CodeIgniter.php(933): App\Controllers\Homepage->index()
 7 SYSTEMPATH\CodeIgniter.php(509): CodeIgniter\CodeIgniter->runController(Object(App\Controllers\Homepage))
 8 SYSTEMPATH\CodeIgniter.php(355): CodeIgniter\CodeIgniter->handleRequest(null, Object(Config\Cache), false)
 9 SYSTEMPATH\Boot.php(325): CodeIgniter\CodeIgniter->run()
10 SYSTEMPATH\Boot.php(67): CodeIgniter\Boot::runCodeIgniter(Object(CodeIgniter\CodeIgniter))
11 FCPATH\index.php(56): CodeIgniter\Boot::bootWeb(Object(Config\Paths))
12 SYSTEMPATH\rewrite.php(44): require_once('C:\\xampp\\htdocs\\ci_aptechh\\public\\index.php')
CRITICAL - 2024-12-04 10:17:36 --> ErrorException: Undefined variable $filePath
[Method: GET, Route: home-page]
in APPPATH\Views\frontend\header.php on line 8.
 1 APPPATH\Views\frontend\header.php(8): CodeIgniter\Debug\Exceptions->errorHandler(2, 'Undefined variable $filePath', 'C:\\xampp\\htdocs\\ci_aptechh\\app\\Views\\frontend\\header.php', 8)
 2 SYSTEMPATH\View\View.php(234): include('C:\\xampp\\htdocs\\ci_aptechh\\app\\Views\\frontend\\header.php')
 3 SYSTEMPATH\View\View.php(237): CodeIgniter\View\View->CodeIgniter\View\{closure}()
 4 SYSTEMPATH\View\View.php(487): CodeIgniter\View\View->render('frontend/header', null, true)
 5 APPPATH\Views\frontend\layout.php(34): CodeIgniter\View\View->include('frontend/header')
 6 SYSTEMPATH\View\View.php(234): include('C:\\xampp\\htdocs\\ci_aptechh\\app\\Views\\frontend\\layout.php')
 7 SYSTEMPATH\View\View.php(237): CodeIgniter\View\View->CodeIgniter\View\{closure}()
 8 SYSTEMPATH\Common.php(1171): CodeIgniter\View\View->render('frontend/layout', [], true)
 9 APPPATH\Controllers\Homepage.php(25): view('frontend/layout')
10 SYSTEMPATH\CodeIgniter.php(933): App\Controllers\Homepage->fetchheader()
11 SYSTEMPATH\CodeIgniter.php(509): CodeIgniter\CodeIgniter->runController(Object(App\Controllers\Homepage))
12 SYSTEMPATH\CodeIgniter.php(355): CodeIgniter\CodeIgniter->handleRequest(null, Object(Config\Cache), false)
13 SYSTEMPATH\Boot.php(325): CodeIgniter\CodeIgniter->run()
14 SYSTEMPATH\Boot.php(67): CodeIgniter\Boot::runCodeIgniter(Object(CodeIgniter\CodeIgniter))
15 FCPATH\index.php(56): CodeIgniter\Boot::bootWeb(Object(Config\Paths))
16 SYSTEMPATH\rewrite.php(44): require_once('C:\\xampp\\htdocs\\ci_aptechh\\public\\index.php')
CRITICAL - 2024-12-04 10:27:57 --> ErrorException: Undefined variable $filePath
[Method: GET, Route: home-page]
in APPPATH\Views\frontend\header.php on line 8.
 1 APPPATH\Views\frontend\header.php(8): CodeIgniter\Debug\Exceptions->errorHandler(2, 'Undefined variable $filePath', 'C:\\xampp\\htdocs\\ci_aptechh\\app\\Views\\frontend\\header.php', 8)
 2 SYSTEMPATH\View\View.php(234): include('C:\\xampp\\htdocs\\ci_aptechh\\app\\Views\\frontend\\header.php')
 3 SYSTEMPATH\View\View.php(237): CodeIgniter\View\View->CodeIgniter\View\{closure}()
 4 SYSTEMPATH\View\View.php(487): CodeIgniter\View\View->render('frontend/header', null, true)
 5 APPPATH\Views\frontend\layout.php(34): CodeIgniter\View\View->include('frontend/header')
 6 SYSTEMPATH\View\View.php(234): include('C:\\xampp\\htdocs\\ci_aptechh\\app\\Views\\frontend\\layout.php')
 7 SYSTEMPATH\View\View.php(237): CodeIgniter\View\View->CodeIgniter\View\{closure}()
 8 SYSTEMPATH\Common.php(1171): CodeIgniter\View\View->render('frontend/layout', [], true)
 9 APPPATH\Controllers\LayoutController.php(12): view('frontend/layout')
10 SYSTEMPATH\CodeIgniter.php(933): App\Controllers\LayoutController->index()
11 SYSTEMPATH\CodeIgniter.php(509): CodeIgniter\CodeIgniter->runController(Object(App\Controllers\LayoutController))
12 SYSTEMPATH\CodeIgniter.php(355): CodeIgniter\CodeIgniter->handleRequest(null, Object(Config\Cache), false)
13 SYSTEMPATH\Boot.php(325): CodeIgniter\CodeIgniter->run()
14 SYSTEMPATH\Boot.php(67): CodeIgniter\Boot::runCodeIgniter(Object(CodeIgniter\CodeIgniter))
15 FCPATH\index.php(56): CodeIgniter\Boot::bootWeb(Object(Config\Paths))
16 SYSTEMPATH\rewrite.php(44): require_once('C:\\xampp\\htdocs\\ci_aptechh\\public\\index.php')
CRITICAL - 2024-12-04 10:38:35 --> ErrorException: Undefined variable $filePath
[Method: GET, Route: home-page]
in APPPATH\Views\frontend\header.php on line 8.
 1 APPPATH\Views\frontend\header.php(8): CodeIgniter\Debug\Exceptions->errorHandler(2, 'Undefined variable $filePath', 'C:\\xampp\\htdocs\\ci_aptechh\\app\\Views\\frontend\\header.php', 8)
 2 SYSTEMPATH\View\View.php(234): include('C:\\xampp\\htdocs\\ci_aptechh\\app\\Views\\frontend\\header.php')
 3 SYSTEMPATH\View\View.php(237): CodeIgniter\View\View->CodeIgniter\View\{closure}()
 4 SYSTEMPATH\View\View.php(487): CodeIgniter\View\View->render('frontend/header', null, true)
 5 APPPATH\Views\frontend\layout.php(34): CodeIgniter\View\View->include('frontend/header')
 6 SYSTEMPATH\View\View.php(234): include('C:\\xampp\\htdocs\\ci_aptechh\\app\\Views\\frontend\\layout.php')
 7 SYSTEMPATH\View\View.php(237): CodeIgniter\View\View->CodeIgniter\View\{closure}()
 8 SYSTEMPATH\Common.php(1171): CodeIgniter\View\View->render('frontend/layout', [], true)
 9 APPPATH\Controllers\LayoutController.php(12): view('frontend/layout')
10 SYSTEMPATH\CodeIgniter.php(933): App\Controllers\LayoutController->index()
11 SYSTEMPATH\CodeIgniter.php(509): CodeIgniter\CodeIgniter->runController(Object(App\Controllers\LayoutController))
12 SYSTEMPATH\CodeIgniter.php(355): CodeIgniter\CodeIgniter->handleRequest(null, Object(Config\Cache), false)
13 SYSTEMPATH\Boot.php(325): CodeIgniter\CodeIgniter->run()
14 SYSTEMPATH\Boot.php(67): CodeIgniter\Boot::runCodeIgniter(Object(CodeIgniter\CodeIgniter))
15 FCPATH\index.php(56): CodeIgniter\Boot::bootWeb(Object(Config\Paths))
16 SYSTEMPATH\rewrite.php(44): require_once('C:\\xampp\\htdocs\\ci_aptechh\\public\\index.php')
CRITICAL - 2024-12-04 10:43:52 --> ErrorException: Undefined variable $filePath
[Method: GET, Route: home-page]
in APPPATH\Views\frontend\header.php on line 8.
 1 APPPATH\Views\frontend\header.php(8): CodeIgniter\Debug\Exceptions->errorHandler(2, 'Undefined variable $filePath', 'C:\\xampp\\htdocs\\ci_aptechh\\app\\Views\\frontend\\header.php', 8)
 2 SYSTEMPATH\View\View.php(234): include('C:\\xampp\\htdocs\\ci_aptechh\\app\\Views\\frontend\\header.php')
 3 SYSTEMPATH\View\View.php(237): CodeIgniter\View\View->CodeIgniter\View\{closure}()
 4 SYSTEMPATH\View\View.php(487): CodeIgniter\View\View->render('frontend/header', null, true)
 5 APPPATH\Views\frontend\layout.php(34): CodeIgniter\View\View->include('frontend/header')
 6 SYSTEMPATH\View\View.php(234): include('C:\\xampp\\htdocs\\ci_aptechh\\app\\Views\\frontend\\layout.php')
 7 SYSTEMPATH\View\View.php(237): CodeIgniter\View\View->CodeIgniter\View\{closure}()
 8 SYSTEMPATH\View\View.php(250): CodeIgniter\View\View->render('frontend/layout', [], true)
 9 SYSTEMPATH\Common.php(1171): CodeIgniter\View\View->render('frontend/home', [], true)
10 APPPATH\Controllers\LayoutController.php(12): view('frontend/home')
11 SYSTEMPATH\CodeIgniter.php(933): App\Controllers\LayoutController->index()
12 SYSTEMPATH\CodeIgniter.php(509): CodeIgniter\CodeIgniter->runController(Object(App\Controllers\LayoutController))
13 SYSTEMPATH\CodeIgniter.php(355): CodeIgniter\CodeIgniter->handleRequest(null, Object(Config\Cache), false)
14 SYSTEMPATH\Boot.php(325): CodeIgniter\CodeIgniter->run()
15 SYSTEMPATH\Boot.php(67): CodeIgniter\Boot::runCodeIgniter(Object(CodeIgniter\CodeIgniter))
16 FCPATH\index.php(56): CodeIgniter\Boot::bootWeb(Object(Config\Paths))
17 SYSTEMPATH\rewrite.php(44): require_once('C:\\xampp\\htdocs\\ci_aptechh\\public\\index.php')
CRITICAL - 2024-12-04 10:43:54 --> ErrorException: Undefined variable $filePath
[Method: GET, Route: home-page]
in APPPATH\Views\frontend\header.php on line 8.
 1 APPPATH\Views\frontend\header.php(8): CodeIgniter\Debug\Exceptions->errorHandler(2, 'Undefined variable $filePath', 'C:\\xampp\\htdocs\\ci_aptechh\\app\\Views\\frontend\\header.php', 8)
 2 SYSTEMPATH\View\View.php(234): include('C:\\xampp\\htdocs\\ci_aptechh\\app\\Views\\frontend\\header.php')
 3 SYSTEMPATH\View\View.php(237): CodeIgniter\View\View->CodeIgniter\View\{closure}()
 4 SYSTEMPATH\View\View.php(487): CodeIgniter\View\View->render('frontend/header', null, true)
 5 APPPATH\Views\frontend\layout.php(34): CodeIgniter\View\View->include('frontend/header')
 6 SYSTEMPATH\View\View.php(234): include('C:\\xampp\\htdocs\\ci_aptechh\\app\\Views\\frontend\\layout.php')
 7 SYSTEMPATH\View\View.php(237): CodeIgniter\View\View->CodeIgniter\View\{closure}()
 8 SYSTEMPATH\View\View.php(250): CodeIgniter\View\View->render('frontend/layout', [], true)
 9 SYSTEMPATH\Common.php(1171): CodeIgniter\View\View->render('frontend/home', [], true)
10 APPPATH\Controllers\LayoutController.php(12): view('frontend/home')
11 SYSTEMPATH\CodeIgniter.php(933): App\Controllers\LayoutController->index()
12 SYSTEMPATH\CodeIgniter.php(509): CodeIgniter\CodeIgniter->runController(Object(App\Controllers\LayoutController))
13 SYSTEMPATH\CodeIgniter.php(355): CodeIgniter\CodeIgniter->handleRequest(null, Object(Config\Cache), false)
14 SYSTEMPATH\Boot.php(325): CodeIgniter\CodeIgniter->run()
15 SYSTEMPATH\Boot.php(67): CodeIgniter\Boot::runCodeIgniter(Object(CodeIgniter\CodeIgniter))
16 FCPATH\index.php(56): CodeIgniter\Boot::bootWeb(Object(Config\Paths))
17 SYSTEMPATH\rewrite.php(44): require_once('C:\\xampp\\htdocs\\ci_aptechh\\public\\index.php')
CRITICAL - 2024-12-04 10:43:54 --> ErrorException: Undefined variable $filePath
[Method: GET, Route: home-page]
in APPPATH\Views\frontend\header.php on line 8.
 1 APPPATH\Views\frontend\header.php(8): CodeIgniter\Debug\Exceptions->errorHandler(2, 'Undefined variable $filePath', 'C:\\xampp\\htdocs\\ci_aptechh\\app\\Views\\frontend\\header.php', 8)
 2 SYSTEMPATH\View\View.php(234): include('C:\\xampp\\htdocs\\ci_aptechh\\app\\Views\\frontend\\header.php')
 3 SYSTEMPATH\View\View.php(237): CodeIgniter\View\View->CodeIgniter\View\{closure}()
 4 SYSTEMPATH\View\View.php(487): CodeIgniter\View\View->render('frontend/header', null, true)
 5 APPPATH\Views\frontend\layout.php(34): CodeIgniter\View\View->include('frontend/header')
 6 SYSTEMPATH\View\View.php(234): include('C:\\xampp\\htdocs\\ci_aptechh\\app\\Views\\frontend\\layout.php')
 7 SYSTEMPATH\View\View.php(237): CodeIgniter\View\View->CodeIgniter\View\{closure}()
 8 SYSTEMPATH\View\View.php(250): CodeIgniter\View\View->render('frontend/layout', [], true)
 9 SYSTEMPATH\Common.php(1171): CodeIgniter\View\View->render('frontend/home', [], true)
10 APPPATH\Controllers\LayoutController.php(12): view('frontend/home')
11 SYSTEMPATH\CodeIgniter.php(933): App\Controllers\LayoutController->index()
12 SYSTEMPATH\CodeIgniter.php(509): CodeIgniter\CodeIgniter->runController(Object(App\Controllers\LayoutController))
13 SYSTEMPATH\CodeIgniter.php(355): CodeIgniter\CodeIgniter->handleRequest(null, Object(Config\Cache), false)
14 SYSTEMPATH\Boot.php(325): CodeIgniter\CodeIgniter->run()
15 SYSTEMPATH\Boot.php(67): CodeIgniter\Boot::runCodeIgniter(Object(CodeIgniter\CodeIgniter))
16 FCPATH\index.php(56): CodeIgniter\Boot::bootWeb(Object(Config\Paths))
17 SYSTEMPATH\rewrite.php(44): require_once('C:\\xampp\\htdocs\\ci_aptechh\\public\\index.php')
CRITICAL - 2024-12-04 10:43:54 --> ErrorException: Undefined variable $filePath
[Method: GET, Route: home-page]
in APPPATH\Views\frontend\header.php on line 8.
 1 APPPATH\Views\frontend\header.php(8): CodeIgniter\Debug\Exceptions->errorHandler(2, 'Undefined variable $filePath', 'C:\\xampp\\htdocs\\ci_aptechh\\app\\Views\\frontend\\header.php', 8)
 2 SYSTEMPATH\View\View.php(234): include('C:\\xampp\\htdocs\\ci_aptechh\\app\\Views\\frontend\\header.php')
 3 SYSTEMPATH\View\View.php(237): CodeIgniter\View\View->CodeIgniter\View\{closure}()
 4 SYSTEMPATH\View\View.php(487): CodeIgniter\View\View->render('frontend/header', null, true)
 5 APPPATH\Views\frontend\layout.php(34): CodeIgniter\View\View->include('frontend/header')
 6 SYSTEMPATH\View\View.php(234): include('C:\\xampp\\htdocs\\ci_aptechh\\app\\Views\\frontend\\layout.php')
 7 SYSTEMPATH\View\View.php(237): CodeIgniter\View\View->CodeIgniter\View\{closure}()
 8 SYSTEMPATH\View\View.php(250): CodeIgniter\View\View->render('frontend/layout', [], true)
 9 SYSTEMPATH\Common.php(1171): CodeIgniter\View\View->render('frontend/home', [], true)
10 APPPATH\Controllers\LayoutController.php(12): view('frontend/home')
11 SYSTEMPATH\CodeIgniter.php(933): App\Controllers\LayoutController->index()
12 SYSTEMPATH\CodeIgniter.php(509): CodeIgniter\CodeIgniter->runController(Object(App\Controllers\LayoutController))
13 SYSTEMPATH\CodeIgniter.php(355): CodeIgniter\CodeIgniter->handleRequest(null, Object(Config\Cache), false)
14 SYSTEMPATH\Boot.php(325): CodeIgniter\CodeIgniter->run()
15 SYSTEMPATH\Boot.php(67): CodeIgniter\Boot::runCodeIgniter(Object(CodeIgniter\CodeIgniter))
16 FCPATH\index.php(56): CodeIgniter\Boot::bootWeb(Object(Config\Paths))
17 SYSTEMPATH\rewrite.php(44): require_once('C:\\xampp\\htdocs\\ci_aptechh\\public\\index.php')
CRITICAL - 2024-12-04 10:44:10 --> ErrorException: Undefined variable $filePath
[Method: GET, Route: home-page]
in APPPATH\Views\frontend\header.php on line 8.
 1 APPPATH\Views\frontend\header.php(8): CodeIgniter\Debug\Exceptions->errorHandler(2, 'Undefined variable $filePath', 'C:\\xampp\\htdocs\\ci_aptechh\\app\\Views\\frontend\\header.php', 8)
 2 SYSTEMPATH\View\View.php(234): include('C:\\xampp\\htdocs\\ci_aptechh\\app\\Views\\frontend\\header.php')
 3 SYSTEMPATH\View\View.php(237): CodeIgniter\View\View->CodeIgniter\View\{closure}()
 4 SYSTEMPATH\View\View.php(487): CodeIgniter\View\View->render('frontend/header', null, true)
 5 APPPATH\Views\frontend\layout.php(34): CodeIgniter\View\View->include('frontend/header')
 6 SYSTEMPATH\View\View.php(234): include('C:\\xampp\\htdocs\\ci_aptechh\\app\\Views\\frontend\\layout.php')
 7 SYSTEMPATH\View\View.php(237): CodeIgniter\View\View->CodeIgniter\View\{closure}()
 8 SYSTEMPATH\View\View.php(250): CodeIgniter\View\View->render('frontend/layout', [], true)
 9 SYSTEMPATH\Common.php(1171): CodeIgniter\View\View->render('frontend/home', [], true)
10 APPPATH\Controllers\LayoutController.php(12): view('frontend/home')
11 SYSTEMPATH\CodeIgniter.php(933): App\Controllers\LayoutController->index()
12 SYSTEMPATH\CodeIgniter.php(509): CodeIgniter\CodeIgniter->runController(Object(App\Controllers\LayoutController))
13 SYSTEMPATH\CodeIgniter.php(355): CodeIgniter\CodeIgniter->handleRequest(null, Object(Config\Cache), false)
14 SYSTEMPATH\Boot.php(325): CodeIgniter\CodeIgniter->run()
15 SYSTEMPATH\Boot.php(67): CodeIgniter\Boot::runCodeIgniter(Object(CodeIgniter\CodeIgniter))
16 FCPATH\index.php(56): CodeIgniter\Boot::bootWeb(Object(Config\Paths))
17 SYSTEMPATH\rewrite.php(44): require_once('C:\\xampp\\htdocs\\ci_aptechh\\public\\index.php')
